{"C:\\repository\\web-components-utils\\wc-utils.js": {"path":"C:\\repository\\web-components-utils\\wc-utils.js","statementMap":{"0":{"start":{"line":1,"column":13},"end":{"line":1,"column":28}},"1":{"start":{"line":4,"column":4},"end":{"line":6,"column":5}},"2":{"start":{"line":5,"column":8},"end":{"line":5,"column":20}},"3":{"start":{"line":8,"column":4},"end":{"line":10,"column":5}},"4":{"start":{"line":9,"column":8},"end":{"line":9,"column":21}},"5":{"start":{"line":12,"column":16},"end":{"line":12,"column":33}},"6":{"start":{"line":14,"column":4},"end":{"line":16,"column":5}},"7":{"start":{"line":15,"column":8},"end":{"line":15,"column":19}},"8":{"start":{"line":18,"column":4},"end":{"line":23,"column":5}},"9":{"start":{"line":19,"column":20},"end":{"line":19,"column":41}},"10":{"start":{"line":20,"column":8},"end":{"line":20,"column":19}},"11":{"start":{"line":22,"column":8},"end":{"line":22,"column":25}},"12":{"start":{"line":27,"column":4},"end":{"line":29,"column":5}},"13":{"start":{"line":28,"column":8},"end":{"line":28,"column":22}},"14":{"start":{"line":31,"column":4},"end":{"line":33,"column":5}},"15":{"start":{"line":32,"column":8},"end":{"line":32,"column":23}},"16":{"start":{"line":35,"column":4},"end":{"line":37,"column":5}},"17":{"start":{"line":36,"column":8},"end":{"line":36,"column":36}},"18":{"start":{"line":39,"column":4},"end":{"line":44,"column":5}},"19":{"start":{"line":40,"column":20},"end":{"line":40,"column":45}},"20":{"start":{"line":41,"column":8},"end":{"line":41,"column":19}},"21":{"start":{"line":43,"column":8},"end":{"line":43,"column":25}},"22":{"start":{"line":47,"column":13},"end":{"line":47,"column":14}},"23":{"start":{"line":50,"column":4},"end":{"line":52,"column":5}},"24":{"start":{"line":51,"column":8},"end":{"line":51,"column":41}},"25":{"start":{"line":54,"column":4},"end":{"line":54,"column":99}},"26":{"start":{"line":54,"column":75},"end":{"line":54,"column":93}},"27":{"start":{"line":55,"column":4},"end":{"line":69,"column":7}},"28":{"start":{"line":56,"column":8},"end":{"line":68,"column":15}},"29":{"start":{"line":61,"column":33},"end":{"line":61,"column":61}},"30":{"start":{"line":62,"column":20},"end":{"line":62,"column":51}},"31":{"start":{"line":65,"column":47},"end":{"line":65,"column":72}},"32":{"start":{"line":66,"column":20},"end":{"line":66,"column":76}},"33":{"start":{"line":71,"column":4},"end":{"line":75,"column":5}},"34":{"start":{"line":72,"column":8},"end":{"line":74,"column":9}},"35":{"start":{"line":73,"column":12},"end":{"line":73,"column":127}},"36":{"start":{"line":77,"column":4},"end":{"line":82,"column":5}},"37":{"start":{"line":78,"column":8},"end":{"line":78,"column":82}},"38":{"start":{"line":79,"column":8},"end":{"line":81,"column":9}},"39":{"start":{"line":80,"column":12},"end":{"line":80,"column":26}},"40":{"start":{"line":84,"column":4},"end":{"line":91,"column":5}},"41":{"start":{"line":85,"column":8},"end":{"line":85,"column":28}},"42":{"start":{"line":86,"column":8},"end":{"line":86,"column":52}},"43":{"start":{"line":88,"column":8},"end":{"line":90,"column":9}},"44":{"start":{"line":89,"column":12},"end":{"line":89,"column":39}},"45":{"start":{"line":93,"column":4},"end":{"line":95,"column":5}},"46":{"start":{"line":94,"column":8},"end":{"line":94,"column":52}},"47":{"start":{"line":97,"column":18},"end":{"line":97,"column":19}},"48":{"start":{"line":99,"column":8},"end":{"line":103,"column":9}},"49":{"start":{"line":100,"column":12},"end":{"line":100,"column":25}},"50":{"start":{"line":101,"column":12},"end":{"line":101,"column":94}},"51":{"start":{"line":102,"column":12},"end":{"line":102,"column":108}},"52":{"start":{"line":106,"column":4},"end":{"line":108,"column":5}},"53":{"start":{"line":107,"column":8},"end":{"line":107,"column":184}},"54":{"start":{"line":110,"column":4},"end":{"line":113,"column":5}},"55":{"start":{"line":111,"column":23},"end":{"line":111,"column":69}},"56":{"start":{"line":112,"column":8},"end":{"line":112,"column":58}},"57":{"start":{"line":115,"column":4},"end":{"line":115,"column":17}},"58":{"start":{"line":124,"column":4},"end":{"line":128,"column":5}},"59":{"start":{"line":125,"column":8},"end":{"line":125,"column":76}},"60":{"start":{"line":127,"column":8},"end":{"line":127,"column":76}}},"fnMap":{"0":{"name":"convertFromString","decl":{"start":{"line":3,"column":9},"end":{"line":3,"column":26}},"loc":{"start":{"line":3,"column":38},"end":{"line":24,"column":1}},"line":3},"1":{"name":"convertToString","decl":{"start":{"line":26,"column":9},"end":{"line":26,"column":24}},"loc":{"start":{"line":26,"column":36},"end":{"line":45,"column":1}},"line":26},"2":{"name":"extendComponent","decl":{"start":{"line":49,"column":16},"end":{"line":49,"column":31}},"loc":{"start":{"line":49,"column":56},"end":{"line":116,"column":1}},"line":49},"3":{"name":"(anonymous_3)","decl":{"start":{"line":54,"column":62},"end":{"line":54,"column":63}},"loc":{"start":{"line":54,"column":73},"end":{"line":54,"column":95}},"line":54},"4":{"name":"(anonymous_4)","decl":{"start":{"line":55,"column":23},"end":{"line":55,"column":24}},"loc":{"start":{"line":55,"column":38},"end":{"line":69,"column":5}},"line":55},"5":{"name":"(anonymous_5)","decl":{"start":{"line":60,"column":21},"end":{"line":60,"column":22}},"loc":{"start":{"line":60,"column":32},"end":{"line":63,"column":17}},"line":60},"6":{"name":"(anonymous_6)","decl":{"start":{"line":64,"column":21},"end":{"line":64,"column":22}},"loc":{"start":{"line":64,"column":40},"end":{"line":67,"column":17}},"line":64},"7":{"name":"(anonymous_7)","decl":{"start":{"line":71,"column":47},"end":{"line":71,"column":48}},"loc":{"start":{"line":71,"column":82},"end":{"line":75,"column":5}},"line":71},"8":{"name":"(anonymous_8)","decl":{"start":{"line":77,"column":31},"end":{"line":77,"column":32}},"loc":{"start":{"line":77,"column":53},"end":{"line":82,"column":5}},"line":77},"9":{"name":"(anonymous_9)","decl":{"start":{"line":84,"column":40},"end":{"line":84,"column":41}},"loc":{"start":{"line":84,"column":51},"end":{"line":91,"column":5}},"line":84},"10":{"name":"(anonymous_10)","decl":{"start":{"line":88,"column":36},"end":{"line":88,"column":37}},"loc":{"start":{"line":88,"column":47},"end":{"line":90,"column":9}},"line":88},"11":{"name":"(anonymous_11)","decl":{"start":{"line":93,"column":42},"end":{"line":93,"column":43}},"loc":{"start":{"line":93,"column":53},"end":{"line":95,"column":5}},"line":93},"12":{"name":"registerParameter","decl":{"start":{"line":98,"column":13},"end":{"line":98,"column":30}},"loc":{"start":{"line":98,"column":57},"end":{"line":104,"column":5}},"line":98},"13":{"name":"returnPramater","decl":{"start":{"line":99,"column":24},"end":{"line":99,"column":38}},"loc":{"start":{"line":99,"column":46},"end":{"line":103,"column":9}},"line":99},"14":{"name":"(anonymous_14)","decl":{"start":{"line":106,"column":36},"end":{"line":106,"column":37}},"loc":{"start":{"line":106,"column":65},"end":{"line":108,"column":5}},"line":106},"15":{"name":"(anonymous_15)","decl":{"start":{"line":110,"column":27},"end":{"line":110,"column":28}},"loc":{"start":{"line":110,"column":47},"end":{"line":113,"column":5}},"line":110},"16":{"name":"getAnimationClass","decl":{"start":{"line":123,"column":16},"end":{"line":123,"column":33}},"loc":{"start":{"line":123,"column":70},"end":{"line":129,"column":1}},"line":123}},"branchMap":{"0":{"loc":{"start":{"line":4,"column":4},"end":{"line":6,"column":5}},"type":"if","locations":[{"start":{"line":4,"column":4},"end":{"line":6,"column":5}},{"start":{"line":4,"column":4},"end":{"line":6,"column":5}}],"line":4},"1":{"loc":{"start":{"line":8,"column":4},"end":{"line":10,"column":5}},"type":"if","locations":[{"start":{"line":8,"column":4},"end":{"line":10,"column":5}},{"start":{"line":8,"column":4},"end":{"line":10,"column":5}}],"line":8},"2":{"loc":{"start":{"line":14,"column":4},"end":{"line":16,"column":5}},"type":"if","locations":[{"start":{"line":14,"column":4},"end":{"line":16,"column":5}},{"start":{"line":14,"column":4},"end":{"line":16,"column":5}}],"line":14},"3":{"loc":{"start":{"line":27,"column":4},"end":{"line":29,"column":5}},"type":"if","locations":[{"start":{"line":27,"column":4},"end":{"line":29,"column":5}},{"start":{"line":27,"column":4},"end":{"line":29,"column":5}}],"line":27},"4":{"loc":{"start":{"line":31,"column":4},"end":{"line":33,"column":5}},"type":"if","locations":[{"start":{"line":31,"column":4},"end":{"line":33,"column":5}},{"start":{"line":31,"column":4},"end":{"line":33,"column":5}}],"line":31},"5":{"loc":{"start":{"line":35,"column":4},"end":{"line":37,"column":5}},"type":"if","locations":[{"start":{"line":35,"column":4},"end":{"line":37,"column":5}},{"start":{"line":35,"column":4},"end":{"line":37,"column":5}}],"line":35},"6":{"loc":{"start":{"line":49,"column":39},"end":{"line":49,"column":54}},"type":"default-arg","locations":[{"start":{"line":49,"column":52},"end":{"line":49,"column":54}}],"line":49},"7":{"loc":{"start":{"line":50,"column":4},"end":{"line":52,"column":5}},"type":"if","locations":[{"start":{"line":50,"column":4},"end":{"line":52,"column":5}},{"start":{"line":50,"column":4},"end":{"line":52,"column":5}}],"line":50},"8":{"loc":{"start":{"line":72,"column":8},"end":{"line":74,"column":9}},"type":"if","locations":[{"start":{"line":72,"column":8},"end":{"line":74,"column":9}},{"start":{"line":72,"column":8},"end":{"line":74,"column":9}}],"line":72},"9":{"loc":{"start":{"line":78,"column":21},"end":{"line":78,"column":81}},"type":"cond-expr","locations":[{"start":{"line":78,"column":34},"end":{"line":78,"column":62}},{"start":{"line":78,"column":65},"end":{"line":78,"column":81}}],"line":78},"10":{"loc":{"start":{"line":79,"column":8},"end":{"line":81,"column":9}},"type":"if","locations":[{"start":{"line":79,"column":8},"end":{"line":81,"column":9}},{"start":{"line":79,"column":8},"end":{"line":81,"column":9}}],"line":79},"11":{"loc":{"start":{"line":107,"column":89},"end":{"line":107,"column":180}},"type":"cond-expr","locations":[{"start":{"line":107,"column":105},"end":{"line":107,"column":175}},{"start":{"line":107,"column":178},"end":{"line":107,"column":180}}],"line":107},"12":{"loc":{"start":{"line":124,"column":4},"end":{"line":128,"column":5}},"type":"if","locations":[{"start":{"line":124,"column":4},"end":{"line":128,"column":5}},{"start":{"line":124,"column":4},"end":{"line":128,"column":5}}],"line":124},"13":{"loc":{"start":{"line":125,"column":15},"end":{"line":125,"column":75}},"type":"cond-expr","locations":[{"start":{"line":125,"column":27},"end":{"line":125,"column":39}},{"start":{"line":125,"column":42},"end":{"line":125,"column":75}}],"line":125},"14":{"loc":{"start":{"line":127,"column":15},"end":{"line":127,"column":75}},"type":"cond-expr","locations":[{"start":{"line":127,"column":27},"end":{"line":127,"column":60}},{"start":{"line":127,"column":63},"end":{"line":127,"column":75}}],"line":127}},"s":{"0":1,"1":14,"2":1,"3":13,"4":1,"5":12,"6":12,"7":2,"8":10,"9":10,"10":2,"11":8,"12":0,"13":0,"14":0,"15":0,"16":0,"17":0,"18":0,"19":0,"20":0,"21":0,"22":1,"23":10,"24":1,"25":10,"26":1,"27":10,"28":1,"29":0,"30":0,"31":0,"32":0,"33":10,"34":7,"35":7,"36":10,"37":1,"38":1,"39":1,"40":10,"41":3,"42":3,"43":3,"44":1,"45":10,"46":1,"47":10,"48":0,"49":0,"50":0,"51":0,"52":10,"53":0,"54":10,"55":0,"56":0,"57":10,"58":0,"59":0,"60":0},"f":{"0":14,"1":0,"2":10,"3":1,"4":1,"5":0,"6":0,"7":7,"8":1,"9":3,"10":1,"11":1,"12":0,"13":0,"14":0,"15":0,"16":0},"b":{"0":[1,13],"1":[1,12],"2":[2,10],"3":[0,0],"4":[0,0],"5":[0,0],"6":[9],"7":[1,9],"8":[7,0],"9":[0,1],"10":[1,0],"11":[0,0],"12":[0,0],"13":[0,0],"14":[0,0]},"_coverageSchema":"332fd63041d2c1bcb487cc26dd0d5f7d97098a6c","hash":"8edc7cbfa3627fdb34bd8a641a4e14ca87a8449e"}
}
