{"/home/francesco/repository/reactive-web-components/reactive-web-components.js": {"path":"/home/francesco/repository/reactive-web-components/reactive-web-components.js","statementMap":{"0":{"start":{"line":2,"column":4},"end":{"line":2,"column":67}},"1":{"start":{"line":6,"column":4},"end":{"line":8,"column":5}},"2":{"start":{"line":7,"column":8},"end":{"line":7,"column":20}},"3":{"start":{"line":10,"column":4},"end":{"line":12,"column":5}},"4":{"start":{"line":11,"column":8},"end":{"line":11,"column":21}},"5":{"start":{"line":14,"column":16},"end":{"line":14,"column":33}},"6":{"start":{"line":16,"column":4},"end":{"line":18,"column":5}},"7":{"start":{"line":17,"column":8},"end":{"line":17,"column":19}},"8":{"start":{"line":20,"column":4},"end":{"line":25,"column":5}},"9":{"start":{"line":21,"column":20},"end":{"line":21,"column":41}},"10":{"start":{"line":22,"column":8},"end":{"line":22,"column":19}},"11":{"start":{"line":24,"column":8},"end":{"line":24,"column":25}},"12":{"start":{"line":29,"column":4},"end":{"line":31,"column":5}},"13":{"start":{"line":30,"column":8},"end":{"line":30,"column":22}},"14":{"start":{"line":33,"column":4},"end":{"line":35,"column":5}},"15":{"start":{"line":34,"column":8},"end":{"line":34,"column":23}},"16":{"start":{"line":37,"column":4},"end":{"line":39,"column":5}},"17":{"start":{"line":38,"column":8},"end":{"line":38,"column":36}},"18":{"start":{"line":41,"column":4},"end":{"line":46,"column":5}},"19":{"start":{"line":42,"column":20},"end":{"line":42,"column":45}},"20":{"start":{"line":43,"column":8},"end":{"line":43,"column":19}},"21":{"start":{"line":45,"column":8},"end":{"line":45,"column":25}},"22":{"start":{"line":49,"column":13},"end":{"line":49,"column":14}},"23":{"start":{"line":52,"column":4},"end":{"line":54,"column":5}},"24":{"start":{"line":53,"column":8},"end":{"line":53,"column":42}},"25":{"start":{"line":56,"column":4},"end":{"line":56,"column":99}},"26":{"start":{"line":56,"column":75},"end":{"line":56,"column":93}},"27":{"start":{"line":57,"column":4},"end":{"line":71,"column":7}},"28":{"start":{"line":58,"column":8},"end":{"line":70,"column":15}},"29":{"start":{"line":63,"column":33},"end":{"line":63,"column":61}},"30":{"start":{"line":64,"column":20},"end":{"line":64,"column":51}},"31":{"start":{"line":67,"column":47},"end":{"line":67,"column":72}},"32":{"start":{"line":68,"column":20},"end":{"line":68,"column":76}},"33":{"start":{"line":73,"column":4},"end":{"line":77,"column":5}},"34":{"start":{"line":74,"column":8},"end":{"line":76,"column":9}},"35":{"start":{"line":75,"column":12},"end":{"line":75,"column":127}},"36":{"start":{"line":79,"column":4},"end":{"line":82,"column":5}},"37":{"start":{"line":80,"column":8},"end":{"line":80,"column":85}},"38":{"start":{"line":81,"column":8},"end":{"line":81,"column":32}},"39":{"start":{"line":84,"column":4},"end":{"line":97,"column":5}},"40":{"start":{"line":85,"column":8},"end":{"line":85,"column":28}},"41":{"start":{"line":86,"column":8},"end":{"line":86,"column":53}},"42":{"start":{"line":88,"column":8},"end":{"line":88,"column":63}},"43":{"start":{"line":90,"column":8},"end":{"line":96,"column":9}},"44":{"start":{"line":91,"column":12},"end":{"line":91,"column":39}},"45":{"start":{"line":93,"column":12},"end":{"line":95,"column":13}},"46":{"start":{"line":94,"column":16},"end":{"line":94,"column":51}},"47":{"start":{"line":99,"column":4},"end":{"line":101,"column":5}},"48":{"start":{"line":100,"column":8},"end":{"line":100,"column":53}},"49":{"start":{"line":104,"column":8},"end":{"line":108,"column":9}},"50":{"start":{"line":105,"column":12},"end":{"line":105,"column":84}},"51":{"start":{"line":106,"column":31},"end":{"line":106,"column":101}},"52":{"start":{"line":107,"column":12},"end":{"line":107,"column":99}},"53":{"start":{"line":111,"column":4},"end":{"line":113,"column":5}},"54":{"start":{"line":112,"column":8},"end":{"line":112,"column":171}},"55":{"start":{"line":115,"column":4},"end":{"line":120,"column":5}},"56":{"start":{"line":116,"column":8},"end":{"line":118,"column":9}},"57":{"start":{"line":117,"column":12},"end":{"line":117,"column":19}},"58":{"start":{"line":119,"column":8},"end":{"line":119,"column":70}},"59":{"start":{"line":122,"column":4},"end":{"line":122,"column":53}},"60":{"start":{"line":124,"column":4},"end":{"line":129,"column":5}},"61":{"start":{"line":125,"column":8},"end":{"line":125,"column":38}},"62":{"start":{"line":126,"column":8},"end":{"line":128,"column":9}},"63":{"start":{"line":127,"column":12},"end":{"line":127,"column":34}},"64":{"start":{"line":131,"column":4},"end":{"line":141,"column":5}},"65":{"start":{"line":132,"column":8},"end":{"line":134,"column":9}},"66":{"start":{"line":133,"column":12},"end":{"line":133,"column":39}},"67":{"start":{"line":136,"column":8},"end":{"line":136,"column":72}},"68":{"start":{"line":138,"column":8},"end":{"line":140,"column":9}},"69":{"start":{"line":139,"column":12},"end":{"line":139,"column":38}},"70":{"start":{"line":143,"column":4},"end":{"line":152,"column":5}},"71":{"start":{"line":144,"column":24},"end":{"line":144,"column":56}},"72":{"start":{"line":146,"column":8},"end":{"line":149,"column":9}},"73":{"start":{"line":147,"column":12},"end":{"line":147,"column":72}},"74":{"start":{"line":148,"column":12},"end":{"line":148,"column":31}},"75":{"start":{"line":151,"column":8},"end":{"line":151,"column":35}},"76":{"start":{"line":154,"column":4},"end":{"line":163,"column":5}},"77":{"start":{"line":155,"column":8},"end":{"line":157,"column":9}},"78":{"start":{"line":156,"column":12},"end":{"line":156,"column":34}},"79":{"start":{"line":158,"column":8},"end":{"line":160,"column":9}},"80":{"start":{"line":159,"column":12},"end":{"line":159,"column":45}},"81":{"start":{"line":161,"column":8},"end":{"line":161,"column":73}},"82":{"start":{"line":162,"column":8},"end":{"line":162,"column":42}},"83":{"start":{"line":165,"column":4},"end":{"line":165,"column":17}},"84":{"start":{"line":174,"column":4},"end":{"line":178,"column":5}},"85":{"start":{"line":175,"column":8},"end":{"line":175,"column":76}},"86":{"start":{"line":177,"column":8},"end":{"line":177,"column":55}},"87":{"start":{"line":182,"column":15},"end":{"line":182,"column":17}},"88":{"start":{"line":183,"column":19},"end":{"line":183,"column":47}},"89":{"start":{"line":185,"column":4},"end":{"line":187,"column":5}},"90":{"start":{"line":186,"column":8},"end":{"line":186,"column":77}},"91":{"start":{"line":189,"column":4},"end":{"line":189,"column":16}},"92":{"start":{"line":193,"column":12},"end":{"line":193,"column":41}},"93":{"start":{"line":194,"column":1},"end":{"line":194,"column":24}},"94":{"start":{"line":195,"column":1},"end":{"line":195,"column":23}}},"fnMap":{"0":{"name":"parseDomString","decl":{"start":{"line":1,"column":9},"end":{"line":1,"column":23}},"loc":{"start":{"line":1,"column":32},"end":{"line":3,"column":1}},"line":1},"1":{"name":"convertFromString","decl":{"start":{"line":5,"column":9},"end":{"line":5,"column":26}},"loc":{"start":{"line":5,"column":38},"end":{"line":26,"column":1}},"line":5},"2":{"name":"convertToString","decl":{"start":{"line":28,"column":9},"end":{"line":28,"column":24}},"loc":{"start":{"line":28,"column":36},"end":{"line":47,"column":1}},"line":28},"3":{"name":"extendComponent","decl":{"start":{"line":51,"column":16},"end":{"line":51,"column":31}},"loc":{"start":{"line":51,"column":56},"end":{"line":166,"column":1}},"line":51},"4":{"name":"(anonymous_4)","decl":{"start":{"line":56,"column":62},"end":{"line":56,"column":63}},"loc":{"start":{"line":56,"column":73},"end":{"line":56,"column":95}},"line":56},"5":{"name":"(anonymous_5)","decl":{"start":{"line":57,"column":23},"end":{"line":57,"column":24}},"loc":{"start":{"line":57,"column":38},"end":{"line":71,"column":5}},"line":57},"6":{"name":"(anonymous_6)","decl":{"start":{"line":62,"column":21},"end":{"line":62,"column":22}},"loc":{"start":{"line":62,"column":32},"end":{"line":65,"column":17}},"line":62},"7":{"name":"(anonymous_7)","decl":{"start":{"line":66,"column":21},"end":{"line":66,"column":22}},"loc":{"start":{"line":66,"column":40},"end":{"line":69,"column":17}},"line":66},"8":{"name":"(anonymous_8)","decl":{"start":{"line":73,"column":47},"end":{"line":73,"column":48}},"loc":{"start":{"line":73,"column":82},"end":{"line":77,"column":5}},"line":73},"9":{"name":"(anonymous_9)","decl":{"start":{"line":79,"column":31},"end":{"line":79,"column":32}},"loc":{"start":{"line":79,"column":53},"end":{"line":82,"column":5}},"line":79},"10":{"name":"(anonymous_10)","decl":{"start":{"line":84,"column":40},"end":{"line":84,"column":41}},"loc":{"start":{"line":84,"column":51},"end":{"line":97,"column":5}},"line":84},"11":{"name":"(anonymous_11)","decl":{"start":{"line":90,"column":36},"end":{"line":90,"column":37}},"loc":{"start":{"line":90,"column":54},"end":{"line":96,"column":9}},"line":90},"12":{"name":"(anonymous_12)","decl":{"start":{"line":99,"column":42},"end":{"line":99,"column":43}},"loc":{"start":{"line":99,"column":53},"end":{"line":101,"column":5}},"line":99},"13":{"name":"registerParameter","decl":{"start":{"line":103,"column":13},"end":{"line":103,"column":30}},"loc":{"start":{"line":103,"column":44},"end":{"line":109,"column":5}},"line":103},"14":{"name":"returnPrameter","decl":{"start":{"line":104,"column":24},"end":{"line":104,"column":38}},"loc":{"start":{"line":104,"column":46},"end":{"line":108,"column":9}},"line":104},"15":{"name":"(anonymous_15)","decl":{"start":{"line":111,"column":36},"end":{"line":111,"column":37}},"loc":{"start":{"line":111,"column":65},"end":{"line":113,"column":5}},"line":111},"16":{"name":"(anonymous_16)","decl":{"start":{"line":115,"column":45},"end":{"line":115,"column":46}},"loc":{"start":{"line":115,"column":56},"end":{"line":120,"column":5}},"line":115},"17":{"name":"(anonymous_17)","decl":{"start":{"line":124,"column":29},"end":{"line":124,"column":30}},"loc":{"start":{"line":124,"column":47},"end":{"line":129,"column":5}},"line":124},"18":{"name":"(anonymous_18)","decl":{"start":{"line":131,"column":27},"end":{"line":131,"column":28}},"loc":{"start":{"line":131,"column":47},"end":{"line":141,"column":5}},"line":131},"19":{"name":"(anonymous_19)","decl":{"start":{"line":143,"column":43},"end":{"line":143,"column":44}},"loc":{"start":{"line":143,"column":66},"end":{"line":152,"column":5}},"line":143},"20":{"name":"(anonymous_20)","decl":{"start":{"line":154,"column":40},"end":{"line":154,"column":41}},"loc":{"start":{"line":154,"column":59},"end":{"line":163,"column":5}},"line":154},"21":{"name":"getAnimationClass","decl":{"start":{"line":173,"column":16},"end":{"line":173,"column":33}},"loc":{"start":{"line":173,"column":70},"end":{"line":179,"column":1}},"line":173},"22":{"name":"getRandomString","decl":{"start":{"line":181,"column":9},"end":{"line":181,"column":24}},"loc":{"start":{"line":181,"column":33},"end":{"line":190,"column":1}},"line":181},"23":{"name":"sanitizeString","decl":{"start":{"line":192,"column":16},"end":{"line":192,"column":30}},"loc":{"start":{"line":192,"column":36},"end":{"line":196,"column":1}},"line":192}},"branchMap":{"0":{"loc":{"start":{"line":6,"column":4},"end":{"line":8,"column":5}},"type":"if","locations":[{"start":{"line":6,"column":4},"end":{"line":8,"column":5}},{"start":{"line":6,"column":4},"end":{"line":8,"column":5}}],"line":6},"1":{"loc":{"start":{"line":10,"column":4},"end":{"line":12,"column":5}},"type":"if","locations":[{"start":{"line":10,"column":4},"end":{"line":12,"column":5}},{"start":{"line":10,"column":4},"end":{"line":12,"column":5}}],"line":10},"2":{"loc":{"start":{"line":16,"column":4},"end":{"line":18,"column":5}},"type":"if","locations":[{"start":{"line":16,"column":4},"end":{"line":18,"column":5}},{"start":{"line":16,"column":4},"end":{"line":18,"column":5}}],"line":16},"3":{"loc":{"start":{"line":29,"column":4},"end":{"line":31,"column":5}},"type":"if","locations":[{"start":{"line":29,"column":4},"end":{"line":31,"column":5}},{"start":{"line":29,"column":4},"end":{"line":31,"column":5}}],"line":29},"4":{"loc":{"start":{"line":33,"column":4},"end":{"line":35,"column":5}},"type":"if","locations":[{"start":{"line":33,"column":4},"end":{"line":35,"column":5}},{"start":{"line":33,"column":4},"end":{"line":35,"column":5}}],"line":33},"5":{"loc":{"start":{"line":37,"column":4},"end":{"line":39,"column":5}},"type":"if","locations":[{"start":{"line":37,"column":4},"end":{"line":39,"column":5}},{"start":{"line":37,"column":4},"end":{"line":39,"column":5}}],"line":37},"6":{"loc":{"start":{"line":51,"column":39},"end":{"line":51,"column":54}},"type":"default-arg","locations":[{"start":{"line":51,"column":52},"end":{"line":51,"column":54}}],"line":51},"7":{"loc":{"start":{"line":52,"column":4},"end":{"line":54,"column":5}},"type":"if","locations":[{"start":{"line":52,"column":4},"end":{"line":54,"column":5}},{"start":{"line":52,"column":4},"end":{"line":54,"column":5}}],"line":52},"8":{"loc":{"start":{"line":74,"column":8},"end":{"line":76,"column":9}},"type":"if","locations":[{"start":{"line":74,"column":8},"end":{"line":76,"column":9}},{"start":{"line":74,"column":8},"end":{"line":76,"column":9}}],"line":74},"9":{"loc":{"start":{"line":80,"column":21},"end":{"line":80,"column":84}},"type":"cond-expr","locations":[{"start":{"line":80,"column":34},"end":{"line":80,"column":65}},{"start":{"line":80,"column":68},"end":{"line":80,"column":84}}],"line":80},"10":{"loc":{"start":{"line":93,"column":12},"end":{"line":95,"column":13}},"type":"if","locations":[{"start":{"line":93,"column":12},"end":{"line":95,"column":13}},{"start":{"line":93,"column":12},"end":{"line":95,"column":13}}],"line":93},"11":{"loc":{"start":{"line":112,"column":90},"end":{"line":112,"column":167}},"type":"cond-expr","locations":[{"start":{"line":112,"column":106},"end":{"line":112,"column":162}},{"start":{"line":112,"column":165},"end":{"line":112,"column":167}}],"line":112},"12":{"loc":{"start":{"line":116,"column":8},"end":{"line":118,"column":9}},"type":"if","locations":[{"start":{"line":116,"column":8},"end":{"line":118,"column":9}},{"start":{"line":116,"column":8},"end":{"line":118,"column":9}}],"line":116},"13":{"loc":{"start":{"line":116,"column":12},"end":{"line":116,"column":53}},"type":"binary-expr","locations":[{"start":{"line":116,"column":12},"end":{"line":116,"column":21}},{"start":{"line":116,"column":25},"end":{"line":116,"column":53}}],"line":116},"14":{"loc":{"start":{"line":126,"column":8},"end":{"line":128,"column":9}},"type":"if","locations":[{"start":{"line":126,"column":8},"end":{"line":128,"column":9}},{"start":{"line":126,"column":8},"end":{"line":128,"column":9}}],"line":126},"15":{"loc":{"start":{"line":132,"column":8},"end":{"line":134,"column":9}},"type":"if","locations":[{"start":{"line":132,"column":8},"end":{"line":134,"column":9}},{"start":{"line":132,"column":8},"end":{"line":134,"column":9}}],"line":132},"16":{"loc":{"start":{"line":138,"column":8},"end":{"line":140,"column":9}},"type":"if","locations":[{"start":{"line":138,"column":8},"end":{"line":140,"column":9}},{"start":{"line":138,"column":8},"end":{"line":140,"column":9}}],"line":138},"17":{"loc":{"start":{"line":146,"column":8},"end":{"line":149,"column":9}},"type":"if","locations":[{"start":{"line":146,"column":8},"end":{"line":149,"column":9}},{"start":{"line":146,"column":8},"end":{"line":149,"column":9}}],"line":146},"18":{"loc":{"start":{"line":155,"column":8},"end":{"line":157,"column":9}},"type":"if","locations":[{"start":{"line":155,"column":8},"end":{"line":157,"column":9}},{"start":{"line":155,"column":8},"end":{"line":157,"column":9}}],"line":155},"19":{"loc":{"start":{"line":158,"column":8},"end":{"line":160,"column":9}},"type":"if","locations":[{"start":{"line":158,"column":8},"end":{"line":160,"column":9}},{"start":{"line":158,"column":8},"end":{"line":160,"column":9}}],"line":158},"20":{"loc":{"start":{"line":174,"column":4},"end":{"line":178,"column":5}},"type":"if","locations":[{"start":{"line":174,"column":4},"end":{"line":178,"column":5}},{"start":{"line":174,"column":4},"end":{"line":178,"column":5}}],"line":174},"21":{"loc":{"start":{"line":175,"column":15},"end":{"line":175,"column":75}},"type":"cond-expr","locations":[{"start":{"line":175,"column":27},"end":{"line":175,"column":60}},{"start":{"line":175,"column":63},"end":{"line":175,"column":75}}],"line":175},"22":{"loc":{"start":{"line":177,"column":15},"end":{"line":177,"column":54}},"type":"cond-expr","locations":[{"start":{"line":177,"column":27},"end":{"line":177,"column":39}},{"start":{"line":177,"column":42},"end":{"line":177,"column":54}}],"line":177}},"s":{"0":1,"1":18,"2":2,"3":16,"4":1,"5":15,"6":15,"7":3,"8":12,"9":12,"10":3,"11":9,"12":5,"13":1,"14":4,"15":2,"16":2,"17":1,"18":1,"19":1,"20":1,"21":0,"22":1,"23":21,"24":1,"25":21,"26":1,"27":21,"28":5,"29":4,"30":4,"31":5,"32":5,"33":21,"34":7,"35":7,"36":21,"37":3,"38":3,"39":21,"40":5,"41":5,"42":5,"43":5,"44":1,"45":1,"46":1,"47":21,"48":1,"49":1,"50":1,"51":1,"52":1,"53":21,"54":1,"55":21,"56":5,"57":3,"58":2,"59":21,"60":21,"61":5,"62":5,"63":3,"64":21,"65":1,"66":1,"67":1,"68":1,"69":1,"70":21,"71":1,"72":1,"73":0,"74":0,"75":1,"76":21,"77":2,"78":1,"79":2,"80":1,"81":1,"82":1,"83":21,"84":4,"85":2,"86":2,"87":1,"88":1,"89":1,"90":5,"91":1,"92":1,"93":1,"94":1},"f":{"0":1,"1":18,"2":5,"3":21,"4":1,"5":5,"6":4,"7":5,"8":7,"9":3,"10":5,"11":1,"12":1,"13":1,"14":1,"15":1,"16":5,"17":5,"18":1,"19":1,"20":2,"21":4,"22":1,"23":1},"b":{"0":[2,16],"1":[1,15],"2":[3,12],"3":[1,4],"4":[2,2],"5":[1,1],"6":[16],"7":[1,20],"8":[7,0],"9":[1,2],"10":[1,0],"11":[1,0],"12":[3,2],"13":[5,2],"14":[3,2],"15":[1,0],"16":[1,0],"17":[0,1],"18":[1,1],"19":[1,1],"20":[2,2],"21":[1,1],"22":[1,1]},"_coverageSchema":"332fd63041d2c1bcb487cc26dd0d5f7d97098a6c","hash":"b85e5b823390d7543220371272333854429df983"}
}
