TN:
SF:/home/francesco/repository/reactive-web-components/reactive-web-components.js
FN:1,parseDomString
FN:5,convertFromString
FN:28,convertToString
FN:51,extendComponent
FN:56,(anonymous_4)
FN:57,(anonymous_5)
FN:62,(anonymous_6)
FN:66,(anonymous_7)
FN:73,(anonymous_8)
FN:79,(anonymous_9)
FN:84,(anonymous_10)
FN:90,(anonymous_11)
FN:99,(anonymous_12)
FN:103,registerParameter
FN:104,returnPrameter
FN:111,(anonymous_15)
FN:115,(anonymous_16)
FN:124,(anonymous_17)
FN:131,(anonymous_18)
FN:143,(anonymous_19)
FN:154,(anonymous_20)
FN:173,getAnimationClass
FN:181,getRandomString
FN:192,sanitizeString
FNF:24
FNH:24
FNDA:1,parseDomString
FNDA:18,convertFromString
FNDA:5,convertToString
FNDA:21,extendComponent
FNDA:1,(anonymous_4)
FNDA:5,(anonymous_5)
FNDA:4,(anonymous_6)
FNDA:5,(anonymous_7)
FNDA:7,(anonymous_8)
FNDA:3,(anonymous_9)
FNDA:5,(anonymous_10)
FNDA:1,(anonymous_11)
FNDA:1,(anonymous_12)
FNDA:1,registerParameter
FNDA:1,returnPrameter
FNDA:1,(anonymous_15)
FNDA:5,(anonymous_16)
FNDA:5,(anonymous_17)
FNDA:1,(anonymous_18)
FNDA:1,(anonymous_19)
FNDA:2,(anonymous_20)
FNDA:4,getAnimationClass
FNDA:1,getRandomString
FNDA:1,sanitizeString
DA:2,1
DA:6,18
DA:7,2
DA:10,16
DA:11,1
DA:14,15
DA:16,15
DA:17,3
DA:20,12
DA:21,12
DA:22,3
DA:24,9
DA:29,5
DA:30,1
DA:33,4
DA:34,2
DA:37,2
DA:38,1
DA:41,1
DA:42,1
DA:43,1
DA:45,0
DA:49,1
DA:52,21
DA:53,1
DA:56,21
DA:57,21
DA:58,5
DA:63,4
DA:64,4
DA:67,5
DA:68,5
DA:73,21
DA:74,7
DA:75,7
DA:79,21
DA:80,3
DA:81,3
DA:84,21
DA:85,5
DA:86,5
DA:88,5
DA:90,5
DA:91,1
DA:93,1
DA:94,1
DA:99,21
DA:100,1
DA:104,1
DA:105,1
DA:106,1
DA:107,1
DA:111,21
DA:112,1
DA:115,21
DA:116,5
DA:117,3
DA:119,2
DA:122,21
DA:124,21
DA:125,5
DA:126,5
DA:127,3
DA:131,21
DA:132,1
DA:133,1
DA:136,1
DA:138,1
DA:139,1
DA:143,21
DA:144,1
DA:146,1
DA:147,0
DA:148,0
DA:151,1
DA:154,21
DA:155,2
DA:156,1
DA:158,2
DA:159,1
DA:161,1
DA:162,1
DA:165,21
DA:174,4
DA:175,2
DA:177,2
DA:182,1
DA:183,1
DA:185,1
DA:186,5
DA:189,1
DA:193,1
DA:194,1
DA:195,1
LF:94
LH:91
BRDA:6,0,0,2
BRDA:6,0,1,16
BRDA:10,1,0,1
BRDA:10,1,1,15
BRDA:16,2,0,3
BRDA:16,2,1,12
BRDA:29,3,0,1
BRDA:29,3,1,4
BRDA:33,4,0,2
BRDA:33,4,1,2
BRDA:37,5,0,1
BRDA:37,5,1,1
BRDA:51,6,0,16
BRDA:52,7,0,1
BRDA:52,7,1,20
BRDA:74,8,0,7
BRDA:74,8,1,0
BRDA:80,9,0,1
BRDA:80,9,1,2
BRDA:93,10,0,1
BRDA:93,10,1,0
BRDA:112,11,0,1
BRDA:112,11,1,0
BRDA:116,12,0,3
BRDA:116,12,1,2
BRDA:116,13,0,5
BRDA:116,13,1,2
BRDA:126,14,0,3
BRDA:126,14,1,2
BRDA:132,15,0,1
BRDA:132,15,1,0
BRDA:138,16,0,1
BRDA:138,16,1,0
BRDA:146,17,0,0
BRDA:146,17,1,1
BRDA:155,18,0,1
BRDA:155,18,1,1
BRDA:158,19,0,1
BRDA:158,19,1,1
BRDA:174,20,0,2
BRDA:174,20,1,2
BRDA:175,21,0,1
BRDA:175,21,1,1
BRDA:177,22,0,1
BRDA:177,22,1,1
BRF:45
BRH:39
end_of_record
