TN:
SF:C:\repository\web-components-utils\wc-utils.js
FN:3,convertFromString
FN:26,convertToString
FN:49,extendComponent
FN:54,(anonymous_3)
FN:55,(anonymous_4)
FN:60,(anonymous_5)
FN:64,(anonymous_6)
FN:71,(anonymous_7)
FN:77,(anonymous_8)
FN:84,(anonymous_9)
FN:88,(anonymous_10)
FN:93,(anonymous_11)
FN:98,registerParameter
FN:99,returnPramater
FN:106,(anonymous_14)
FN:110,(anonymous_15)
FN:123,getAnimationClass
FNF:17
FNH:9
FNDA:14,convertFromString
FNDA:0,convertToString
FNDA:10,extendComponent
FNDA:1,(anonymous_3)
FNDA:1,(anonymous_4)
FNDA:0,(anonymous_5)
FNDA:0,(anonymous_6)
FNDA:7,(anonymous_7)
FNDA:1,(anonymous_8)
FNDA:3,(anonymous_9)
FNDA:1,(anonymous_10)
FNDA:1,(anonymous_11)
FNDA:0,registerParameter
FNDA:0,returnPramater
FNDA:0,(anonymous_14)
FNDA:0,(anonymous_15)
FNDA:0,getAnimationClass
DA:1,1
DA:4,14
DA:5,1
DA:8,13
DA:9,1
DA:12,12
DA:14,12
DA:15,2
DA:18,10
DA:19,10
DA:20,2
DA:22,8
DA:27,0
DA:28,0
DA:31,0
DA:32,0
DA:35,0
DA:36,0
DA:39,0
DA:40,0
DA:41,0
DA:43,0
DA:47,1
DA:50,10
DA:51,1
DA:54,10
DA:55,10
DA:56,1
DA:61,0
DA:62,0
DA:65,0
DA:66,0
DA:71,10
DA:72,7
DA:73,7
DA:77,10
DA:78,1
DA:79,1
DA:80,1
DA:84,10
DA:85,3
DA:86,3
DA:88,3
DA:89,1
DA:93,10
DA:94,1
DA:97,10
DA:99,0
DA:100,0
DA:101,0
DA:102,0
DA:106,10
DA:107,0
DA:110,10
DA:111,0
DA:112,0
DA:115,10
DA:124,0
DA:125,0
DA:127,0
LF:60
LH:36
BRDA:4,0,0,1
BRDA:4,0,1,13
BRDA:8,1,0,1
BRDA:8,1,1,12
BRDA:14,2,0,2
BRDA:14,2,1,10
BRDA:27,3,0,0
BRDA:27,3,1,0
BRDA:31,4,0,0
BRDA:31,4,1,0
BRDA:35,5,0,0
BRDA:35,5,1,0
BRDA:49,6,0,9
BRDA:50,7,0,1
BRDA:50,7,1,9
BRDA:72,8,0,7
BRDA:72,8,1,0
BRDA:78,9,0,0
BRDA:78,9,1,1
BRDA:79,10,0,1
BRDA:79,10,1,0
BRDA:107,11,0,0
BRDA:107,11,1,0
BRDA:124,12,0,0
BRDA:124,12,1,0
BRDA:125,13,0,0
BRDA:125,13,1,0
BRDA:127,14,0,0
BRDA:127,14,1,0
BRF:29
BRH:12
end_of_record
